<?xml version="1.0" encoding="UTF-8"?>
<!-- Generated by org.testng.reporters.JUnitReportReporter -->
<testsuite hostname="LAPTOP-F50RN6E6" failures="0" tests="1" name="com.w2a.testcases.BankManagerLoginTest" time="0.000" errors="0" timestamp="21 Nov 2022 15:42:56 GMT" skipped="1">
  <testcase classname="com.w2a.testcases.BankManagerLoginTest" name="bankManagerLoginTest" time="0.000">
    <skipped/>
  </testcase> <!-- bankManagerLoginTest -->
</testsuite> <!-- com.w2a.testcases.BankManagerLoginTest -->
